  ofxBaseGui.cpp
  ofxButton.cpp
  ofxColorPicker.cpp
  ofxGuiGroup.cpp
  ofxInputField.cpp
  ofxLabel.cpp
  ofxPanel.cpp
  ofxSlider.cpp
  Info: Boost.Config is older than your compiler version - probably nothing bad will happen - but you may wish to look for an update Boost version.  Define BOOST_CONFIG_SUPPRESS_OUTDATED_MESSAGE to suppress this message.
  Info: Boost.Config is older than your compiler version - probably nothing bad will happen - but you may wish to look for an update Boost version.  Define BOOST_CONFIG_SUPPRESS_OUTDATED_MESSAGE to suppress this message.
  Info: Boost.Config is older than your compiler version - probably nothing bad will happen - but you may wish to look for an update Boost version.  Define BOOST_CONFIG_SUPPRESS_OUTDATED_MESSAGE to suppress this message.
  Info: Boost.Config is older than your compiler version - probably nothing bad will happen - but you may wish to look for an update Boost version.  Define BOOST_CONFIG_SUPPRESS_OUTDATED_MESSAGE to suppress this message.
  Info: Boost.Config is older than your compiler version - probably nothing bad will happen - but you may wish to look for an update Boost version.  Define BOOST_CONFIG_SUPPRESS_OUTDATED_MESSAGE to suppress this message.
  Info: Boost.Config is older than your compiler version - probably nothing bad will happen - but you may wish to look for an update Boost version.  Define BOOST_CONFIG_SUPPRESS_OUTDATED_MESSAGE to suppress this message.
  Info: Boost.Config is older than your compiler version - probably nothing bad will happen - but you may wish to look for an update Boost version.  Define BOOST_CONFIG_SUPPRESS_OUTDATED_MESSAGE to suppress this message.
  Info: Boost.Config is older than your compiler version - probably nothing bad will happen - but you may wish to look for an update Boost version.  Define BOOST_CONFIG_SUPPRESS_OUTDATED_MESSAGE to suppress this message.
c:\users\lukas\onedrive\documents\of_v0.11.2_vs2017_release\addons\ofxgui\src\ofxinputfield.cpp(276): warning C4018: '<': signed/unsigned mismatch
  c:\users\lukas\onedrive\documents\of_v0.11.2_vs2017_release\addons\ofxgui\src\ofxinputfield.cpp(265): note: while compiling class template member function 'void ofxInputField<float>::moveCursor(int)'
  c:\users\lukas\onedrive\documents\of_v0.11.2_vs2017_release\addons\ofxgui\src\ofxinputfield.cpp(368): note: see reference to function template instantiation 'void ofxInputField<float>::moveCursor(int)' being compiled
  c:\users\lukas\onedrive\documents\of_v0.11.2_vs2017_release\addons\ofxgui\src\ofxinputfield.cpp(805): note: see reference to class template instantiation 'ofxInputField<float>' being compiled
  ofxSliderGroup.cpp
  ofxToggle.cpp
  main.cpp
  Info: Boost.Config is older than your compiler version - probably nothing bad will happen - but you may wish to look for an update Boost version.  Define BOOST_CONFIG_SUPPRESS_OUTDATED_MESSAGE to suppress this message.
  Info: Boost.Config is older than your compiler version - probably nothing bad will happen - but you may wish to look for an update Boost version.  Define BOOST_CONFIG_SUPPRESS_OUTDATED_MESSAGE to suppress this message.
  ofApp.cpp
  Info: Boost.Config is older than your compiler version - probably nothing bad will happen - but you may wish to look for an update Boost version.  Define BOOST_CONFIG_SUPPRESS_OUTDATED_MESSAGE to suppress this message.
  Info: Boost.Config is older than your compiler version - probably nothing bad will happen - but you may wish to look for an update Boost version.  Define BOOST_CONFIG_SUPPRESS_OUTDATED_MESSAGE to suppress this message.
     Creating library bin\physarum_gpu.lib and object bin\physarum_gpu.exp
  LINK : /LTCG specified but no code generation required; remove /LTCG from the link command line to improve linker performance
  physarum_gpu.vcxproj -> C:\Users\lukas\source\repos\physarum_gpu\physarum_gpu\bin\physarum_gpu.exe
  
  	                   2	C:\Users\lukas\OneDrive\Documents\of_v0.11.2_vs2017_release\libs\fmod\lib\vs\Win32\
  	  *EXTRA File 		 6018560	C:\Users\lukas\source\repos\physarum_gpu\physarum_gpu\bin\FreeImage.dll
  
  	                   1	C:\Users\lukas\OneDrive\Documents\of_v0.11.2_vs2017_release\libs\FreeImage\lib\vs\Win32\
  	  *EXTRA File 		 1544704	C:\Users\lukas\source\repos\physarum_gpu\physarum_gpu\bin\fmod.dll
  	  *EXTRA File 		 1733120	C:\Users\lukas\source\repos\physarum_gpu\physarum_gpu\bin\fmodL.dll
